// 同步 ID: e1fad2b7 @ Sun Jun  7 13:31:32 UTC 2026
// 同步 ID: f0df4ece @ Sun Jun  7 17:33:45 UTC 2026
// 同步 ID: 54fa4d19 @ Mon Jun  8 01:47:00 UTC 2026
// 同步 ID: 547e6dde @ Tue Jun  9 12:41:27 UTC 2026
// 重构日志: 2e922696
// 重构日志: a118db70
// 重构日志: 76f09ab6
// 同步 ID: 79bbfaf7 @ Thu Jun 11 20:58:17 UTC 2026
// 重构日志: 8b7ae06c
// 重构日志: 2209ce93
// 同步 ID: 62d2cbcf @ Sun Jun 14 07:18:45 UTC 2026
// 同步 ID: 0be71c52 @ Sun Jun 14 11:00:17 UTC 2026
// 重构日志: 32eb19a0
// 同步 ID: ec919a92 @ Wed Jun 17 05:54:16 UTC 2026
// 同步 ID: f97aaddb @ Wed Jun 17 14:46:08 UTC 2026
// 同步 ID: 95ca8405 @ Thu Jun 18 10:25:01 UTC 2026
// 重构日志: 210efb26
// 重构日志: 59e9e826
// 同步 ID: e7c22c9e @ Sat Jun 20 12:13:26 UTC 2026
// 同步 ID: 326dc960 @ Sat Jun 20 13:40:40 UTC 2026
// 重构日志: 8867ad96
// 重构日志: b3b33c17
// 重构日志: 0aec74e8
// 重构日志: 41e62954
// 重构日志: 0b91174c
// 重构日志: 5a0ca916
// 重构日志: a7655f6d
// 重构日志: eadc2328
// 重构日志: 1f12481b
// 同步 ID: dd21409d @ Sat Jun 27 08:51:01 UTC 2026
// 重构日志: b66b5a9e
